  main.cpp
C:\Users\djalm\source\repos\projeto_2d\projeto_2d\colors.h(5,31): warning C4305: 'inicializando': truncamento de 'double' para 'float'
C:\Users\djalm\source\repos\projeto_2d\projeto_2d\colors.h(7,32): warning C4305: 'inicializando': truncamento de 'double' para 'float'
C:\Users\djalm\source\repos\projeto_2d\projeto_2d\colors.h(8,37): warning C4305: 'inicializando': truncamento de 'double' para 'float'
C:\Users\djalm\source\repos\projeto_2d\projeto_2d\colors.h(11,38): warning C4305: 'inicializando': truncamento de 'double' para 'float'
C:\Users\djalm\source\repos\projeto_2d\projeto_2d\colors.h(13,35): warning C4305: 'inicializando': truncamento de 'double' para 'float'
C:\Users\djalm\source\repos\projeto_2d\projeto_2d\colors.h(14,30): warning C4305: 'inicializando': truncamento de 'double' para 'float'
C:\Users\djalm\source\repos\projeto_2d\projeto_2d\colors.h(15,38): warning C4305: 'inicializando': truncamento de 'double' para 'float'
C:\Users\djalm\source\repos\projeto_2d\projeto_2d\colors.h(16,32): warning C4305: 'inicializando': truncamento de 'double' para 'float'
C:\Users\djalm\source\repos\projeto_2d\projeto_2d\primitives.h(22,32): warning C4244: '=': conversão de 'double' para 'float', possível perda de dados
C:\Users\djalm\source\repos\projeto_2d\projeto_2d\primitives.h(13,9): warning C4101: 'i': variável local não referenciada
C:\Users\djalm\source\repos\projeto_2d\projeto_2d\primitives.h(32,36): warning C4244: 'argumento': conversão de 'double' para 'GLfloat', possível perda de dados
C:\Users\djalm\source\repos\projeto_2d\projeto_2d\primitives.h(32,26): warning C4244: 'argumento': conversão de 'double' para 'GLfloat', possível perda de dados
C:\Users\djalm\source\repos\projeto_2d\projeto_2d\primitives.h(33,35): warning C4244: 'argumento': conversão de 'double' para 'GLfloat', possível perda de dados
C:\Users\djalm\source\repos\projeto_2d\projeto_2d\primitives.h(33,25): warning C4244: 'argumento': conversão de 'double' para 'GLfloat', possível perda de dados
C:\Users\djalm\source\repos\projeto_2d\projeto_2d\primitives.h(35,36): warning C4244: 'argumento': conversão de 'double' para 'GLfloat', possível perda de dados
C:\Users\djalm\source\repos\projeto_2d\projeto_2d\primitives.h(35,25): warning C4244: 'argumento': conversão de 'double' para 'GLfloat', possível perda de dados
C:\Users\djalm\source\repos\projeto_2d\projeto_2d\primitives.h(36,37): warning C4244: 'argumento': conversão de 'double' para 'GLfloat', possível perda de dados
C:\Users\djalm\source\repos\projeto_2d\projeto_2d\primitives.h(36,26): warning C4244: 'argumento': conversão de 'double' para 'GLfloat', possível perda de dados
C:\Users\djalm\source\repos\projeto_2d\projeto_2d\primitives.h(44,37): warning C4244: 'argumento': conversão de 'double' para 'GLfloat', possível perda de dados
C:\Users\djalm\source\repos\projeto_2d\projeto_2d\primitives.h(44,26): warning C4244: 'argumento': conversão de 'double' para 'GLfloat', possível perda de dados
C:\Users\djalm\source\repos\projeto_2d\projeto_2d\primitives.h(45,37): warning C4244: 'argumento': conversão de 'double' para 'GLfloat', possível perda de dados
C:\Users\djalm\source\repos\projeto_2d\projeto_2d\primitives.h(45,26): warning C4244: 'argumento': conversão de 'double' para 'GLfloat', possível perda de dados
C:\Users\djalm\source\repos\projeto_2d\projeto_2d\primitives.h(47,37): warning C4244: 'argumento': conversão de 'double' para 'GLfloat', possível perda de dados
C:\Users\djalm\source\repos\projeto_2d\projeto_2d\primitives.h(47,26): warning C4244: 'argumento': conversão de 'double' para 'GLfloat', possível perda de dados
C:\Users\djalm\source\repos\projeto_2d\projeto_2d\primitives.h(48,37): warning C4244: 'argumento': conversão de 'double' para 'GLfloat', possível perda de dados
C:\Users\djalm\source\repos\projeto_2d\projeto_2d\primitives.h(48,26): warning C4244: 'argumento': conversão de 'double' para 'GLfloat', possível perda de dados
C:\Users\djalm\source\repos\projeto_2d\projeto_2d\primitives.h(56,33): warning C4244: 'argumento': conversão de 'double' para 'GLfloat', possível perda de dados
C:\Users\djalm\source\repos\projeto_2d\projeto_2d\primitives.h(56,24): warning C4244: 'argumento': conversão de 'double' para 'GLfloat', possível perda de dados
C:\Users\djalm\source\repos\projeto_2d\projeto_2d\primitives.h(57,35): warning C4244: 'argumento': conversão de 'double' para 'GLfloat', possível perda de dados
C:\Users\djalm\source\repos\projeto_2d\projeto_2d\primitives.h(57,25): warning C4244: 'argumento': conversão de 'double' para 'GLfloat', possível perda de dados
C:\Users\djalm\source\repos\projeto_2d\projeto_2d\primitives.h(59,34): warning C4244: 'argumento': conversão de 'double' para 'GLfloat', possível perda de dados
C:\Users\djalm\source\repos\projeto_2d\projeto_2d\primitives.h(59,24): warning C4244: 'argumento': conversão de 'double' para 'GLfloat', possível perda de dados
C:\Users\djalm\source\repos\projeto_2d\projeto_2d\main.cpp(27,19): warning C4305: 'inicializando': truncamento de 'double' para 'float'
C:\Users\djalm\source\repos\projeto_2d\projeto_2d\main.cpp(28,19): warning C4305: 'inicializando': truncamento de 'double' para 'float'
C:\Users\djalm\source\repos\projeto_2d\projeto_2d\main.cpp(31,18): warning C4305: 'inicializando': truncamento de 'double' para 'float'
C:\Users\djalm\source\repos\projeto_2d\projeto_2d\main.cpp(32,18): warning C4305: 'inicializando': truncamento de 'double' para 'float'
C:\Users\djalm\source\repos\projeto_2d\projeto_2d\main.cpp(35,19): warning C4305: 'inicializando': truncamento de 'double' para 'float'
C:\Users\djalm\source\repos\projeto_2d\projeto_2d\main.cpp(36,19): warning C4305: 'inicializando': truncamento de 'double' para 'float'
C:\Users\djalm\source\repos\projeto_2d\projeto_2d\main.cpp(37,19): warning C4305: 'inicializando': truncamento de 'double' para 'float'
C:\Users\djalm\source\repos\projeto_2d\projeto_2d\main.cpp(39,19): warning C4305: 'inicializando': truncamento de 'double' para 'float'
C:\Users\djalm\source\repos\projeto_2d\projeto_2d\main.cpp(40,19): warning C4305: 'inicializando': truncamento de 'double' para 'float'
C:\Users\djalm\source\repos\projeto_2d\projeto_2d\main.cpp(44,21): warning C4305: 'inicializando': truncamento de 'double' para 'float'
C:\Users\djalm\source\repos\projeto_2d\projeto_2d\main.cpp(45,20): warning C4305: 'inicializando': truncamento de 'double' para 'float'
C:\Users\djalm\source\repos\projeto_2d\projeto_2d\main.cpp(47,21): warning C4305: 'inicializando': truncamento de 'double' para 'float'
C:\Users\djalm\source\repos\projeto_2d\projeto_2d\main.cpp(48,21): warning C4305: 'inicializando': truncamento de 'double' para 'float'
C:\Users\djalm\source\repos\projeto_2d\projeto_2d\main.cpp(55,19): warning C4305: 'inicializando': truncamento de 'double' para 'float'
C:\Users\djalm\source\repos\projeto_2d\projeto_2d\main.cpp(56,18): warning C4305: 'inicializando': truncamento de 'double' para 'float'
C:\Users\djalm\source\repos\projeto_2d\projeto_2d\main.cpp(93,41): warning C4244: 'argumento': conversão de 'double' para 'GLfloat', possível perda de dados
C:\Users\djalm\source\repos\projeto_2d\projeto_2d\main.cpp(93,26): warning C4244: 'argumento': conversão de 'double' para 'GLfloat', possível perda de dados
C:\Users\djalm\source\repos\projeto_2d\projeto_2d\main.cpp(101,61): warning C4244: 'argumento': conversão de 'double' para 'GLfloat', possível perda de dados
C:\Users\djalm\source\repos\projeto_2d\projeto_2d\main.cpp(101,36): warning C4244: 'argumento': conversão de 'double' para 'GLfloat', possível perda de dados
C:\Users\djalm\source\repos\projeto_2d\projeto_2d\main.cpp(110,41): warning C4244: 'argumento': conversão de 'double' para 'GLfloat', possível perda de dados
C:\Users\djalm\source\repos\projeto_2d\projeto_2d\main.cpp(110,26): warning C4244: 'argumento': conversão de 'double' para 'GLfloat', possível perda de dados
C:\Users\djalm\source\repos\projeto_2d\projeto_2d\main.cpp(118,40): warning C4244: 'argumento': conversão de 'double' para 'GLfloat', possível perda de dados
C:\Users\djalm\source\repos\projeto_2d\projeto_2d\main.cpp(118,26): warning C4244: 'argumento': conversão de 'double' para 'GLfloat', possível perda de dados
C:\Users\djalm\source\repos\projeto_2d\projeto_2d\main.cpp(131,36): warning C4305: 'argumento': truncamento de 'double' para 'GLfloat'
C:\Users\djalm\source\repos\projeto_2d\projeto_2d\main.cpp(167,38): warning C4305: 'argumento': truncamento de 'double' para 'GLclampf'
C:\Users\djalm\source\repos\projeto_2d\projeto_2d\main.cpp(210,25): warning C4305: '=': truncamento de 'double' para 'float'
C:\Users\djalm\source\repos\projeto_2d\projeto_2d\main.cpp(211,24): warning C4305: '=': truncamento de 'double' para 'float'
C:\Users\djalm\source\repos\projeto_2d\projeto_2d\main.cpp(216,25): warning C4305: '=': truncamento de 'double' para 'float'
C:\Users\djalm\source\repos\projeto_2d\projeto_2d\main.cpp(217,25): warning C4305: '=': truncamento de 'double' para 'float'
C:\Users\djalm\source\repos\projeto_2d\projeto_2d\main.cpp(220,24): warning C4305: '=': truncamento de 'double' para 'float'
C:\Users\djalm\source\repos\projeto_2d\projeto_2d\main.cpp(221,24): warning C4305: '=': truncamento de 'double' para 'float'
C:\Users\djalm\source\repos\projeto_2d\projeto_2d\main.cpp(223,27): warning C4305: '=': truncamento de 'double' para 'float'
C:\Users\djalm\source\repos\projeto_2d\projeto_2d\main.cpp(224,27): warning C4305: '=': truncamento de 'double' para 'float'
C:\Users\djalm\source\repos\projeto_2d\projeto_2d\main.cpp(225,27): warning C4305: '=': truncamento de 'double' para 'float'
C:\Users\djalm\source\repos\projeto_2d\projeto_2d\main.cpp(230,25): warning C4305: '=': truncamento de 'double' para 'float'
C:\Users\djalm\source\repos\projeto_2d\projeto_2d\main.cpp(231,25): warning C4305: '=': truncamento de 'double' para 'float'
C:\Users\djalm\source\repos\projeto_2d\projeto_2d\main.cpp(232,25): warning C4305: '=': truncamento de 'double' para 'float'
  projeto_2d.vcxproj -> C:\Users\djalm\source\repos\projeto_2d\x64\Debug\projeto_2d.exe
