  main.cpp
C:\Users\djalm\Documents\GitHub\computacao-grafica-opengl\projeto_2d\colors.h(5,31): warning C4305: 'inicializando': truncamento de 'double' para 'float'
C:\Users\djalm\Documents\GitHub\computacao-grafica-opengl\projeto_2d\colors.h(7,32): warning C4305: 'inicializando': truncamento de 'double' para 'float'
C:\Users\djalm\Documents\GitHub\computacao-grafica-opengl\projeto_2d\colors.h(8,37): warning C4305: 'inicializando': truncamento de 'double' para 'float'
C:\Users\djalm\Documents\GitHub\computacao-grafica-opengl\projeto_2d\colors.h(11,38): warning C4305: 'inicializando': truncamento de 'double' para 'float'
C:\Users\djalm\Documents\GitHub\computacao-grafica-opengl\projeto_2d\colors.h(13,35): warning C4305: 'inicializando': truncamento de 'double' para 'float'
C:\Users\djalm\Documents\GitHub\computacao-grafica-opengl\projeto_2d\colors.h(14,30): warning C4305: 'inicializando': truncamento de 'double' para 'float'
C:\Users\djalm\Documents\GitHub\computacao-grafica-opengl\projeto_2d\colors.h(15,38): warning C4305: 'inicializando': truncamento de 'double' para 'float'
C:\Users\djalm\Documents\GitHub\computacao-grafica-opengl\projeto_2d\colors.h(16,32): warning C4305: 'inicializando': truncamento de 'double' para 'float'
C:\Users\djalm\Documents\GitHub\computacao-grafica-opengl\projeto_2d\primitives.h(22,32): warning C4244: '=': conversão de 'double' para 'float', possível perda de dados
C:\Users\djalm\Documents\GitHub\computacao-grafica-opengl\projeto_2d\primitives.h(13,9): warning C4101: 'i': variável local não referenciada
C:\Users\djalm\Documents\GitHub\computacao-grafica-opengl\projeto_2d\primitives.h(32,36): warning C4244: 'argumento': conversão de 'double' para 'GLfloat', possível perda de dados
C:\Users\djalm\Documents\GitHub\computacao-grafica-opengl\projeto_2d\primitives.h(32,26): warning C4244: 'argumento': conversão de 'double' para 'GLfloat', possível perda de dados
C:\Users\djalm\Documents\GitHub\computacao-grafica-opengl\projeto_2d\primitives.h(33,35): warning C4244: 'argumento': conversão de 'double' para 'GLfloat', possível perda de dados
C:\Users\djalm\Documents\GitHub\computacao-grafica-opengl\projeto_2d\primitives.h(33,25): warning C4244: 'argumento': conversão de 'double' para 'GLfloat', possível perda de dados
C:\Users\djalm\Documents\GitHub\computacao-grafica-opengl\projeto_2d\primitives.h(35,36): warning C4244: 'argumento': conversão de 'double' para 'GLfloat', possível perda de dados
C:\Users\djalm\Documents\GitHub\computacao-grafica-opengl\projeto_2d\primitives.h(35,25): warning C4244: 'argumento': conversão de 'double' para 'GLfloat', possível perda de dados
C:\Users\djalm\Documents\GitHub\computacao-grafica-opengl\projeto_2d\primitives.h(36,37): warning C4244: 'argumento': conversão de 'double' para 'GLfloat', possível perda de dados
C:\Users\djalm\Documents\GitHub\computacao-grafica-opengl\projeto_2d\primitives.h(36,26): warning C4244: 'argumento': conversão de 'double' para 'GLfloat', possível perda de dados
C:\Users\djalm\Documents\GitHub\computacao-grafica-opengl\projeto_2d\primitives.h(44,37): warning C4244: 'argumento': conversão de 'double' para 'GLfloat', possível perda de dados
C:\Users\djalm\Documents\GitHub\computacao-grafica-opengl\projeto_2d\primitives.h(44,26): warning C4244: 'argumento': conversão de 'double' para 'GLfloat', possível perda de dados
C:\Users\djalm\Documents\GitHub\computacao-grafica-opengl\projeto_2d\primitives.h(45,37): warning C4244: 'argumento': conversão de 'double' para 'GLfloat', possível perda de dados
C:\Users\djalm\Documents\GitHub\computacao-grafica-opengl\projeto_2d\primitives.h(45,26): warning C4244: 'argumento': conversão de 'double' para 'GLfloat', possível perda de dados
C:\Users\djalm\Documents\GitHub\computacao-grafica-opengl\projeto_2d\primitives.h(47,37): warning C4244: 'argumento': conversão de 'double' para 'GLfloat', possível perda de dados
C:\Users\djalm\Documents\GitHub\computacao-grafica-opengl\projeto_2d\primitives.h(47,26): warning C4244: 'argumento': conversão de 'double' para 'GLfloat', possível perda de dados
C:\Users\djalm\Documents\GitHub\computacao-grafica-opengl\projeto_2d\primitives.h(48,37): warning C4244: 'argumento': conversão de 'double' para 'GLfloat', possível perda de dados
C:\Users\djalm\Documents\GitHub\computacao-grafica-opengl\projeto_2d\primitives.h(48,26): warning C4244: 'argumento': conversão de 'double' para 'GLfloat', possível perda de dados
C:\Users\djalm\Documents\GitHub\computacao-grafica-opengl\projeto_2d\primitives.h(56,33): warning C4244: 'argumento': conversão de 'double' para 'GLfloat', possível perda de dados
C:\Users\djalm\Documents\GitHub\computacao-grafica-opengl\projeto_2d\primitives.h(56,24): warning C4244: 'argumento': conversão de 'double' para 'GLfloat', possível perda de dados
C:\Users\djalm\Documents\GitHub\computacao-grafica-opengl\projeto_2d\primitives.h(57,35): warning C4244: 'argumento': conversão de 'double' para 'GLfloat', possível perda de dados
C:\Users\djalm\Documents\GitHub\computacao-grafica-opengl\projeto_2d\primitives.h(57,25): warning C4244: 'argumento': conversão de 'double' para 'GLfloat', possível perda de dados
C:\Users\djalm\Documents\GitHub\computacao-grafica-opengl\projeto_2d\primitives.h(59,34): warning C4244: 'argumento': conversão de 'double' para 'GLfloat', possível perda de dados
C:\Users\djalm\Documents\GitHub\computacao-grafica-opengl\projeto_2d\primitives.h(59,24): warning C4244: 'argumento': conversão de 'double' para 'GLfloat', possível perda de dados
C:\Users\djalm\Documents\GitHub\computacao-grafica-opengl\projeto_2d\main.cpp(26,19): warning C4305: 'inicializando': truncamento de 'double' para 'float'
C:\Users\djalm\Documents\GitHub\computacao-grafica-opengl\projeto_2d\main.cpp(27,19): warning C4305: 'inicializando': truncamento de 'double' para 'float'
C:\Users\djalm\Documents\GitHub\computacao-grafica-opengl\projeto_2d\main.cpp(30,18): warning C4305: 'inicializando': truncamento de 'double' para 'float'
C:\Users\djalm\Documents\GitHub\computacao-grafica-opengl\projeto_2d\main.cpp(31,18): warning C4305: 'inicializando': truncamento de 'double' para 'float'
C:\Users\djalm\Documents\GitHub\computacao-grafica-opengl\projeto_2d\main.cpp(34,19): warning C4305: 'inicializando': truncamento de 'double' para 'float'
C:\Users\djalm\Documents\GitHub\computacao-grafica-opengl\projeto_2d\main.cpp(35,19): warning C4305: 'inicializando': truncamento de 'double' para 'float'
C:\Users\djalm\Documents\GitHub\computacao-grafica-opengl\projeto_2d\main.cpp(36,19): warning C4305: 'inicializando': truncamento de 'double' para 'float'
C:\Users\djalm\Documents\GitHub\computacao-grafica-opengl\projeto_2d\main.cpp(38,19): warning C4305: 'inicializando': truncamento de 'double' para 'float'
C:\Users\djalm\Documents\GitHub\computacao-grafica-opengl\projeto_2d\main.cpp(39,19): warning C4305: 'inicializando': truncamento de 'double' para 'float'
C:\Users\djalm\Documents\GitHub\computacao-grafica-opengl\projeto_2d\main.cpp(43,21): warning C4305: 'inicializando': truncamento de 'double' para 'float'
C:\Users\djalm\Documents\GitHub\computacao-grafica-opengl\projeto_2d\main.cpp(44,20): warning C4305: 'inicializando': truncamento de 'double' para 'float'
C:\Users\djalm\Documents\GitHub\computacao-grafica-opengl\projeto_2d\main.cpp(46,21): warning C4305: 'inicializando': truncamento de 'double' para 'float'
C:\Users\djalm\Documents\GitHub\computacao-grafica-opengl\projeto_2d\main.cpp(47,21): warning C4305: 'inicializando': truncamento de 'double' para 'float'
C:\Users\djalm\Documents\GitHub\computacao-grafica-opengl\projeto_2d\main.cpp(54,19): warning C4305: 'inicializando': truncamento de 'double' para 'float'
C:\Users\djalm\Documents\GitHub\computacao-grafica-opengl\projeto_2d\main.cpp(55,18): warning C4305: 'inicializando': truncamento de 'double' para 'float'
C:\Users\djalm\Documents\GitHub\computacao-grafica-opengl\projeto_2d\main.cpp(95,41): warning C4244: 'argumento': conversão de 'double' para 'GLfloat', possível perda de dados
C:\Users\djalm\Documents\GitHub\computacao-grafica-opengl\projeto_2d\main.cpp(95,26): warning C4244: 'argumento': conversão de 'double' para 'GLfloat', possível perda de dados
C:\Users\djalm\Documents\GitHub\computacao-grafica-opengl\projeto_2d\main.cpp(103,61): warning C4244: 'argumento': conversão de 'double' para 'GLfloat', possível perda de dados
C:\Users\djalm\Documents\GitHub\computacao-grafica-opengl\projeto_2d\main.cpp(103,36): warning C4244: 'argumento': conversão de 'double' para 'GLfloat', possível perda de dados
C:\Users\djalm\Documents\GitHub\computacao-grafica-opengl\projeto_2d\main.cpp(112,41): warning C4244: 'argumento': conversão de 'double' para 'GLfloat', possível perda de dados
C:\Users\djalm\Documents\GitHub\computacao-grafica-opengl\projeto_2d\main.cpp(112,26): warning C4244: 'argumento': conversão de 'double' para 'GLfloat', possível perda de dados
C:\Users\djalm\Documents\GitHub\computacao-grafica-opengl\projeto_2d\main.cpp(120,40): warning C4244: 'argumento': conversão de 'double' para 'GLfloat', possível perda de dados
C:\Users\djalm\Documents\GitHub\computacao-grafica-opengl\projeto_2d\main.cpp(120,26): warning C4244: 'argumento': conversão de 'double' para 'GLfloat', possível perda de dados
C:\Users\djalm\Documents\GitHub\computacao-grafica-opengl\projeto_2d\main.cpp(133,36): warning C4305: 'argumento': truncamento de 'double' para 'GLfloat'
C:\Users\djalm\Documents\GitHub\computacao-grafica-opengl\projeto_2d\main.cpp(169,38): warning C4305: 'argumento': truncamento de 'double' para 'GLclampf'
C:\Users\djalm\Documents\GitHub\computacao-grafica-opengl\projeto_2d\main.cpp(211,25): warning C4305: '=': truncamento de 'double' para 'float'
C:\Users\djalm\Documents\GitHub\computacao-grafica-opengl\projeto_2d\main.cpp(212,24): warning C4305: '=': truncamento de 'double' para 'float'
C:\Users\djalm\Documents\GitHub\computacao-grafica-opengl\projeto_2d\main.cpp(217,25): warning C4305: '=': truncamento de 'double' para 'float'
C:\Users\djalm\Documents\GitHub\computacao-grafica-opengl\projeto_2d\main.cpp(218,25): warning C4305: '=': truncamento de 'double' para 'float'
C:\Users\djalm\Documents\GitHub\computacao-grafica-opengl\projeto_2d\main.cpp(221,24): warning C4305: '=': truncamento de 'double' para 'float'
C:\Users\djalm\Documents\GitHub\computacao-grafica-opengl\projeto_2d\main.cpp(222,24): warning C4305: '=': truncamento de 'double' para 'float'
C:\Users\djalm\Documents\GitHub\computacao-grafica-opengl\projeto_2d\main.cpp(224,27): warning C4305: '=': truncamento de 'double' para 'float'
C:\Users\djalm\Documents\GitHub\computacao-grafica-opengl\projeto_2d\main.cpp(225,27): warning C4305: '=': truncamento de 'double' para 'float'
C:\Users\djalm\Documents\GitHub\computacao-grafica-opengl\projeto_2d\main.cpp(226,27): warning C4305: '=': truncamento de 'double' para 'float'
C:\Users\djalm\Documents\GitHub\computacao-grafica-opengl\projeto_2d\main.cpp(231,25): warning C4305: '=': truncamento de 'double' para 'float'
C:\Users\djalm\Documents\GitHub\computacao-grafica-opengl\projeto_2d\main.cpp(232,25): warning C4305: '=': truncamento de 'double' para 'float'
C:\Users\djalm\Documents\GitHub\computacao-grafica-opengl\projeto_2d\main.cpp(233,25): warning C4305: '=': truncamento de 'double' para 'float'
C:\Users\djalm\Documents\GitHub\computacao-grafica-opengl\projeto_2d\main.cpp(242,25): warning C4305: '=': truncamento de 'double' para 'float'
C:\Users\djalm\Documents\GitHub\computacao-grafica-opengl\projeto_2d\main.cpp(243,25): warning C4305: '=': truncamento de 'double' para 'float'
C:\Users\djalm\Documents\GitHub\computacao-grafica-opengl\projeto_2d\main.cpp(246,24): warning C4305: '=': truncamento de 'double' para 'float'
C:\Users\djalm\Documents\GitHub\computacao-grafica-opengl\projeto_2d\main.cpp(247,24): warning C4305: '=': truncamento de 'double' para 'float'
C:\Users\djalm\Documents\GitHub\computacao-grafica-opengl\projeto_2d\main.cpp(249,25): warning C4305: '=': truncamento de 'double' para 'float'
C:\Users\djalm\Documents\GitHub\computacao-grafica-opengl\projeto_2d\main.cpp(250,25): warning C4305: '=': truncamento de 'double' para 'float'
C:\Users\djalm\Documents\GitHub\computacao-grafica-opengl\projeto_2d\main.cpp(251,25): warning C4305: '=': truncamento de 'double' para 'float'
C:\Users\djalm\Documents\GitHub\computacao-grafica-opengl\projeto_2d\main.cpp(253,25): warning C4305: '=': truncamento de 'double' para 'float'
C:\Users\djalm\Documents\GitHub\computacao-grafica-opengl\projeto_2d\main.cpp(254,25): warning C4305: '=': truncamento de 'double' para 'float'
C:\Users\djalm\Documents\GitHub\computacao-grafica-opengl\projeto_2d\main.cpp(257,27): warning C4305: '=': truncamento de 'double' para 'float'
C:\Users\djalm\Documents\GitHub\computacao-grafica-opengl\projeto_2d\main.cpp(258,26): warning C4305: '=': truncamento de 'double' para 'float'
C:\Users\djalm\Documents\GitHub\computacao-grafica-opengl\projeto_2d\main.cpp(260,27): warning C4305: '=': truncamento de 'double' para 'float'
C:\Users\djalm\Documents\GitHub\computacao-grafica-opengl\projeto_2d\main.cpp(261,27): warning C4305: '=': truncamento de 'double' para 'float'
C:\Users\djalm\Documents\GitHub\computacao-grafica-opengl\projeto_2d\main.cpp(267,25): warning C4305: '=': truncamento de 'double' para 'float'
C:\Users\djalm\Documents\GitHub\computacao-grafica-opengl\projeto_2d\main.cpp(268,24): warning C4305: '=': truncamento de 'double' para 'float'
  projeto_2d.vcxproj -> C:\Users\djalm\Documents\GitHub\computacao-grafica-opengl\projeto_2d\x64\Debug\projeto_2d.exe
